# JRE version: OpenJDK Runtime Environment (11.0.11+9) (build 11.0.11+9-b60-7590822)
# Java VM: OpenJDK 64-Bit Server VM (11.0.11+9-b60-7590822, mixed mode, tiered, compressed oops, g1 gc, windows-amd64)
Heap:
 garbage-first heap   total 262144K, used 161628K [0x0000000080000000, 0x0000000100000000)
  region size 1024K, 19 young (19456K), 7 survivors (7168K)
 Metaspace       used 122605K, capacity 126592K, committed 126716K, reserved 1159168K
  class space    used 16195K, capacity 17769K, committed 17792K, reserved 1048576K
GC Heap History (20 events):
Event: 19.757 GC heap before
{Heap before GC invocations=16 (full 0):
 garbage-first heap   total 262144K, used 196426K [0x0000000080000000, 0x0000000100000000)
  region size 1024K, 118 young (120832K), 15 survivors (15360K)
 Metaspace       used 93413K, capacity 95604K, committed 95740K, reserved 1132544K
  class space    used 12072K, capacity 12911K, committed 12928K, reserved 1048576K
}
Event: 19.771 GC heap after
{Heap after GC invocations=17 (full 0):
 garbage-first heap   total 262144K, used 97144K [0x0000000080000000, 0x0000000100000000)
  region size 1024K, 12 young (12288K), 12 survivors (12288K)
 Metaspace       used 93413K, capacity 95604K, committed 95740K, reserved 1132544K
  class space    used 12072K, capacity 12911K, committed 12928K, reserved 1048576K
}
Event: 39.640 GC heap before
{Heap before GC invocations=17 (full 0):
 garbage-first heap   total 262144K, used 201592K [0x0000000080000000, 0x0000000100000000)
  region size 1024K, 115 young (117760K), 12 survivors (12288K)
 Metaspace       used 97183K, capacity 99657K, committed 99964K, reserved 1136640K
  class space    used 12549K, capacity 13499K, committed 13568K, reserved 1048576K
}
Event: 39.656 GC heap after
{Heap after GC invocations=18 (full 0):
 garbage-first heap   total 262144K, used 106261K [0x0000000080000000, 0x0000000100000000)
  region size 1024K, 14 young (14336K), 14 survivors (14336K)
 Metaspace       used 97183K, capacity 99657K, committed 99964K, reserved 1136640K
  class space    used 12549K, capacity 13499K, committed 13568K, reserved 1048576K
}
Event: 41.957 GC heap before
{Heap before GC invocations=18 (full 0):
 garbage-first heap   total 262144K, used 208661K [0x0000000080000000, 0x0000000100000000)
  region size 1024K, 111 young (113664K), 14 survivors (14336K)
 Metaspace       used 103875K, capacity 106488K, committed 106748K, reserved 1142784K
  class space    used 13379K, capacity 14370K, committed 14464K, reserved 1048576K
}
Event: 41.977 GC heap after
{Heap after GC invocations=19 (full 0):
 garbage-first heap   total 262144K, used 123480K [0x0000000080000000, 0x0000000100000000)
  region size 1024K, 14 young (14336K), 14 survivors (14336K)
 Metaspace       used 103875K, capacity 106488K, committed 106748K, reserved 1142784K
  class space    used 13379K, capacity 14370K, committed 14464K, reserved 1048576K
}
Event: 44.263 GC heap before
{Heap before GC invocations=19 (full 0):
 garbage-first heap   total 262144K, used 204376K [0x0000000080000000, 0x0000000100000000)
  region size 1024K, 94 young (96256K), 14 survivors (14336K)
 Metaspace       used 106189K, capacity 108897K, committed 109052K, reserved 1144832K
  class space    used 13600K, capacity 14656K, committed 14720K, reserved 1048576K
}
Event: 44.273 GC heap after
{Heap after GC invocations=20 (full 0):
 garbage-first heap   total 262144K, used 123904K [0x0000000080000000, 0x0000000100000000)
  region size 1024K, 5 young (5120K), 5 survivors (5120K)
 Metaspace       used 106189K, capacity 108897K, committed 109052K, reserved 1144832K
  class space    used 13600K, capacity 14656K, committed 14720K, reserved 1048576K
}
Event: 44.994 GC heap before
{Heap before GC invocations=20 (full 0):
 garbage-first heap   total 262144K, used 205824K [0x0000000080000000, 0x0000000100000000)
  region size 1024K, 86 young (88064K), 5 survivors (5120K)
 Metaspace       used 106475K, capacity 109265K, committed 109308K, reserved 1144832K
  class space    used 13631K, capacity 14693K, committed 14720K, reserved 1048576K
}
Event: 45.004 GC heap after
{Heap after GC invocations=21 (full 0):
 garbage-first heap   total 262144K, used 126565K [0x0000000080000000, 0x0000000100000000)
  region size 1024K, 8 young (8192K), 8 survivors (8192K)
 Metaspace       used 106475K, capacity 109265K, committed 109308K, reserved 1144832K
  class space    used 13631K, capacity 14693K, committed 14720K, reserved 1048576K
}
Event: 45.341 GC heap before
{Heap before GC invocations=22 (full 0):
 garbage-first heap   total 262144K, used 150117K [0x0000000080000000, 0x0000000100000000)
  region size 1024K, 33 young (33792K), 8 survivors (8192K)
 Metaspace       used 106518K, capacity 109119K, committed 109564K, reserved 1144832K
  class space    used 13596K, capacity 14590K, committed 14720K, reserved 1048576K
}
Event: 45.351 GC heap after
{Heap after GC invocations=23 (full 0):
 garbage-first heap   total 262144K, used 128453K [0x0000000080000000, 0x0000000100000000)
  region size 1024K, 7 young (7168K), 7 survivors (7168K)
 Metaspace       used 106518K, capacity 109119K, committed 109564K, reserved 1144832K
  class space    used 13596K, capacity 14590K, committed 14720K, reserved 1048576K
}
Event: 47.072 GC heap before
{Heap before GC invocations=24 (full 0):
 garbage-first heap   total 262144K, used 127429K [0x0000000080000000, 0x0000000100000000)
  region size 1024K, 10 young (10240K), 7 survivors (7168K)
 Metaspace       used 106518K, capacity 109119K, committed 109564K, reserved 1144832K
  class space    used 13596K, capacity 14590K, committed 14720K, reserved 1048576K
}
Event: 47.079 GC heap after
{Heap after GC invocations=25 (full 0):
 garbage-first heap   total 262144K, used 128107K [0x0000000080000000, 0x0000000100000000)
  region size 1024K, 8 young (8192K), 8 survivors (8192K)
 Metaspace       used 106518K, capacity 109119K, committed 109564K, reserved 1144832K
  class space    used 13596K, capacity 14590K, committed 14720K, reserved 1048576K
}
Event: 48.324 GC heap before
{Heap before GC invocations=26 (full 0):
 garbage-first heap   total 262144K, used 206955K [0x0000000080000000, 0x0000000100000000)
  region size 1024K, 84 young (86016K), 8 survivors (8192K)
 Metaspace       used 116627K, capacity 119899K, committed 120188K, reserved 1153024K
  class space    used 15270K, capacity 16556K, committed 16640K, reserved 1048576K
}
Event: 48.333 GC heap after
{Heap after GC invocations=27 (full 0):
 garbage-first heap   total 262144K, used 134279K [0x0000000080000000, 0x0000000100000000)
  region size 1024K, 9 young (9216K), 9 survivors (9216K)
 Metaspace       used 116627K, capacity 119899K, committed 120188K, reserved 1153024K
  class space    used 15270K, capacity 16556K, committed 16640K, reserved 1048576K
}
Event: 49.890 GC heap before
{Heap before GC invocations=27 (full 0):
 garbage-first heap   total 262144K, used 208007K [0x0000000080000000, 0x0000000100000000)
  region size 1024K, 83 young (84992K), 9 survivors (9216K)
 Metaspace       used 121821K, capacity 125764K, committed 125820K, reserved 1157120K
  class space    used 16068K, capacity 17616K, committed 17664K, reserved 1048576K
}
Event: 49.899 GC heap after
{Heap after GC invocations=28 (full 0):
 garbage-first heap   total 262144K, used 135734K [0x0000000080000000, 0x0000000100000000)
  region size 1024K, 6 young (6144K), 6 survivors (6144K)
 Metaspace       used 121821K, capacity 125764K, committed 125820K, reserved 1157120K
  class space    used 16068K, capacity 17616K, committed 17664K, reserved 1048576K
}
Event: 50.118 GC heap before
{Heap before GC invocations=29 (full 0):
 garbage-first heap   total 262144K, used 178742K [0x0000000080000000, 0x0000000100000000)
  region size 1024K, 7 young (7168K), 6 survivors (6144K)
 Metaspace       used 121826K, capacity 125796K, committed 125820K, reserved 1157120K
  class space    used 16069K, capacity 17648K, committed 17664K, reserved 1048576K
}
Event: 50.125 GC heap after
{Heap after GC invocations=30 (full 0):
 garbage-first heap   total 262144K, used 146268K [0x0000000080000000, 0x0000000100000000)
  region size 1024K, 7 young (7168K), 7 survivors (7168K)
 Metaspace       used 121826K, capacity 125796K, committed 125820K, reserved 1157120K
  class space    used 16069K, capacity 17648K, committed 17664K, reserved 1048576K
}

