# JRE version: OpenJDK Runtime Environment (11.0.11+9) (build 11.0.11+9-b60-7590822)
# Java VM: OpenJDK 64-Bit Server VM (11.0.11+9-b60-7590822, mixed mode, tiered, compressed oops, g1 gc, windows-amd64)
Heap:
 garbage-first heap   total 262144K, used 168714K [0x0000000080000000, 0x0000000100000000)
  region size 1024K, 31 young (31744K), 2 survivors (2048K)
 Metaspace       used 96771K, capacity 99021K, committed 99312K, reserved 1134592K
  class space    used 12402K, capacity 13266K, committed 13464K, reserved 1048576K
GC Heap History (20 events):
Event: 9.360 GC heap before
{Heap before GC invocations=11 (full 0):
 garbage-first heap   total 262144K, used 159039K [0x0000000080000000, 0x0000000100000000)
  region size 1024K, 104 young (106496K), 8 survivors (8192K)
 Metaspace       used 72965K, capacity 74605K, committed 74736K, reserved 1114112K
  class space    used 9405K, capacity 10023K, committed 10136K, reserved 1048576K
}
Event: 9.370 GC heap after
{Heap after GC invocations=12 (full 0):
 garbage-first heap   total 262144K, used 67916K [0x0000000080000000, 0x0000000100000000)
  region size 1024K, 13 young (13312K), 13 survivors (13312K)
 Metaspace       used 72965K, capacity 74605K, committed 74736K, reserved 1114112K
  class space    used 9405K, capacity 10023K, committed 10136K, reserved 1048576K
}
Event: 10.672 GC heap before
{Heap before GC invocations=12 (full 0):
 garbage-first heap   total 262144K, used 169292K [0x0000000080000000, 0x0000000100000000)
  region size 1024K, 112 young (114688K), 13 survivors (13312K)
 Metaspace       used 82501K, capacity 84297K, committed 84592K, reserved 1122304K
  class space    used 10695K, capacity 11406K, committed 11544K, reserved 1048576K
}
Event: 10.686 GC heap after
{Heap after GC invocations=13 (full 0):
 garbage-first heap   total 262144K, used 74443K [0x0000000080000000, 0x0000000100000000)
  region size 1024K, 14 young (14336K), 14 survivors (14336K)
 Metaspace       used 82501K, capacity 84297K, committed 84592K, reserved 1122304K
  class space    used 10695K, capacity 11406K, committed 11544K, reserved 1048576K
}
Event: 11.885 GC heap before
{Heap before GC invocations=13 (full 0):
 garbage-first heap   total 262144K, used 176843K [0x0000000080000000, 0x0000000100000000)
  region size 1024K, 115 young (117760K), 14 survivors (14336K)
 Metaspace       used 85958K, capacity 88132K, committed 88176K, reserved 1126400K
  class space    used 11193K, capacity 12050K, committed 12056K, reserved 1048576K
}
Event: 11.900 GC heap after
{Heap after GC invocations=14 (full 0):
 garbage-first heap   total 262144K, used 83329K [0x0000000080000000, 0x0000000100000000)
  region size 1024K, 15 young (15360K), 15 survivors (15360K)
 Metaspace       used 85958K, capacity 88132K, committed 88176K, reserved 1126400K
  class space    used 11193K, capacity 12050K, committed 12056K, reserved 1048576K
}
Event: 12.632 GC heap before
{Heap before GC invocations=14 (full 0):
 garbage-first heap   total 262144K, used 184705K [0x0000000080000000, 0x0000000100000000)
  region size 1024K, 115 young (117760K), 15 survivors (15360K)
 Metaspace       used 87039K, capacity 89296K, committed 89584K, reserved 1126400K
  class space    used 11288K, capacity 12145K, committed 12184K, reserved 1048576K
}
Event: 12.648 GC heap after
{Heap after GC invocations=15 (full 0):
 garbage-first heap   total 262144K, used 91444K [0x0000000080000000, 0x0000000100000000)
  region size 1024K, 9 young (9216K), 9 survivors (9216K)
 Metaspace       used 87039K, capacity 89296K, committed 89584K, reserved 1126400K
  class space    used 11288K, capacity 12145K, committed 12184K, reserved 1048576K
}
Event: 13.533 GC heap before
{Heap before GC invocations=15 (full 0):
 garbage-first heap   total 262144K, used 191796K [0x0000000080000000, 0x0000000100000000)
  region size 1024K, 108 young (110592K), 9 survivors (9216K)
 Metaspace       used 92234K, capacity 94521K, committed 94704K, reserved 1130496K
  class space    used 11935K, capacity 12819K, committed 12952K, reserved 1048576K
}
Event: 13.543 GC heap after
{Heap after GC invocations=16 (full 0):
 garbage-first heap   total 262144K, used 96277K [0x0000000080000000, 0x0000000100000000)
  region size 1024K, 6 young (6144K), 6 survivors (6144K)
 Metaspace       used 92234K, capacity 94521K, committed 94704K, reserved 1130496K
  class space    used 11935K, capacity 12819K, committed 12952K, reserved 1048576K
}
Event: 14.363 GC heap before
{Heap before GC invocations=16 (full 0):
 garbage-first heap   total 262144K, used 197653K [0x0000000080000000, 0x0000000100000000)
  region size 1024K, 106 young (108544K), 6 survivors (6144K)
 Metaspace       used 92906K, capacity 95227K, committed 95472K, reserved 1132544K
  class space    used 12002K, capacity 12875K, committed 12952K, reserved 1048576K
}
Event: 14.372 GC heap after
{Heap after GC invocations=17 (full 0):
 garbage-first heap   total 262144K, used 102401K [0x0000000080000000, 0x0000000100000000)
  region size 1024K, 12 young (12288K), 12 survivors (12288K)
 Metaspace       used 92906K, capacity 95227K, committed 95472K, reserved 1132544K
  class space    used 12002K, capacity 12875K, committed 12952K, reserved 1048576K
}
Event: 15.014 GC heap before
{Heap before GC invocations=17 (full 0):
 garbage-first heap   total 262144K, used 202753K [0x0000000080000000, 0x0000000100000000)
  region size 1024K, 111 young (113664K), 12 survivors (12288K)
 Metaspace       used 94477K, capacity 96824K, committed 96880K, reserved 1132544K
  class space    used 12146K, capacity 13049K, committed 13080K, reserved 1048576K
}
Event: 15.027 GC heap after
{Heap after GC invocations=18 (full 0):
 garbage-first heap   total 262144K, used 109719K [0x0000000080000000, 0x0000000100000000)
  region size 1024K, 14 young (14336K), 14 survivors (14336K)
 Metaspace       used 94477K, capacity 96824K, committed 96880K, reserved 1132544K
  class space    used 12146K, capacity 13049K, committed 13080K, reserved 1048576K
}
Event: 15.212 GC heap before
{Heap before GC invocations=18 (full 0):
 garbage-first heap   total 262144K, used 117911K [0x0000000080000000, 0x0000000100000000)
  region size 1024K, 22 young (22528K), 14 survivors (14336K)
 Metaspace       used 95490K, capacity 97895K, committed 98160K, reserved 1134592K
  class space    used 12276K, capacity 13216K, committed 13336K, reserved 1048576K
}
Event: 15.222 GC heap after
{Heap after GC invocations=19 (full 0):
 garbage-first heap   total 262144K, used 112191K [0x0000000080000000, 0x0000000100000000)
  region size 1024K, 9 young (9216K), 9 survivors (9216K)
 Metaspace       used 95490K, capacity 97895K, committed 98160K, reserved 1134592K
  class space    used 12276K, capacity 13216K, committed 13336K, reserved 1048576K
}
Event: 15.564 GC heap before
{Heap before GC invocations=20 (full 0):
 garbage-first heap   total 262144K, used 158271K [0x0000000080000000, 0x0000000100000000)
  region size 1024K, 11 young (11264K), 9 survivors (9216K)
 Metaspace       used 95212K, capacity 97489K, committed 98160K, reserved 1134592K
  class space    used 12187K, capacity 13055K, committed 13336K, reserved 1048576K
}
Event: 15.571 GC heap after
{Heap after GC invocations=21 (full 0):
 garbage-first heap   total 262144K, used 156215K [0x0000000080000000, 0x0000000100000000)
  region size 1024K, 2 young (2048K), 2 survivors (2048K)
 Metaspace       used 95212K, capacity 97489K, committed 98160K, reserved 1134592K
  class space    used 12187K, capacity 13055K, committed 13336K, reserved 1048576K
}
Event: 16.066 GC heap before
{Heap before GC invocations=22 (full 0):
 garbage-first heap   total 262144K, used 202295K [0x0000000080000000, 0x0000000100000000)
  region size 1024K, 5 young (5120K), 2 survivors (2048K)
 Metaspace       used 95398K, capacity 97601K, committed 98160K, reserved 1134592K
  class space    used 12215K, capacity 13089K, committed 13336K, reserved 1048576K
}
Event: 16.069 GC heap after
{Heap after GC invocations=23 (full 0):
 garbage-first heap   total 262144K, used 110346K [0x0000000080000000, 0x0000000100000000)
  region size 1024K, 2 young (2048K), 2 survivors (2048K)
 Metaspace       used 95398K, capacity 97601K, committed 98160K, reserved 1134592K
  class space    used 12215K, capacity 13089K, committed 13336K, reserved 1048576K
}

